<?xml version="1.0" encoding="UTF-8"?>
<!-- Generated by org.testng.reporters.JUnitReportReporter -->
<testsuite hostname="PUNITP351643D" name="com.Test.Ebay.TestProject" tests="1" failures="0" timestamp="28 May 2018 04:49:56 GMT" time="0.090" errors="0">
  <testcase name="test_Scenario1_Pass" time="0.090" classname="com.Test.Ebay.TestProject"/>
</testsuite> <!-- com.Test.Ebay.TestProject -->
